process.yaml
scope.yaml
begin.yaml
named_begin.yaml
expr_dist_group.yaml
expr.yaml
distribution.yaml
operand_group.yaml
operation.yaml
ref_obj.yaml
variables.yaml
task_func.yaml
task.yaml
function.yaml
modport.yaml
interface_tf_decl.yaml
interface_array.yaml
cont_assign.yaml
port.yaml
module_array.yaml
primitive.yaml
primitive_array.yaml
mod_path.yaml
tchk.yaml
def_param.yaml
io_decl.yaml
alias_stmt.yaml
clocking_block.yaml
instance_array.yaml
net.yaml
array_net.yaml
logic_var.yaml
array_var.yaml
named_event.yaml
named_event_array.yaml
parameters.yaml
spec_param.yaml
assertion.yaml
typespec.yaml
class_defn.yaml
instance.yaml
interface.yaml
program.yaml
package.yaml
module.yaml
uhdm.yaml
